	Babylon.js Exporter version: 1.8.0, Blender version: 2.76 (sub 0)
========= Conversion from Blender to Babylon.js =========
	Python World class constructor completed
	processing begun of material:  enemy.Material.001
	processing begun of material:  enemy.Material.002
	processing begun of material:  enemy.Material.003
	processing begun of material:  enemy.Material.004
	processing begun of material:  enemy.Material.005
	processing begun of material:  enemy.Material.008
	processing begun of skeleton:  Armature, id:  0
	processing begun of bone:  Bone, index:  0
	animation begun of bone:  Bone
	processing complete of skeleton:  Armature
	processing begun of mesh:  enemy
		processing begun of multimaterial:  enemy.Multimaterial#0
		num positions      :  4092
		num normals        :  4092
		num uvs            :  0
		num uvs2           :  0
		num colors         :  0
		num indices        :  4092
		num skeletonWeights:  16368
		num skeletonIndices:  16368
	processing begun of camera (FreeCamera):  Camera
	processing begun of light (POINT):  Lamp
========= Writing of scene file started =========
========= Writing of scene file completed =========
========= end of processing =========
