	Babylon.js Exporter version: 1.8.0, Blender version: 2.73 (sub 0)
========= Conversion from Blender to Babylon.js =========
	Python World class constructor completed
	processing begun of material:  Circle_man.Material
	processing begun of material:  Circle_man.Material.001
	processing begun of material:  Circle_man.Material.002
	processing begun of material:  Circle_man.Material.003
	processing begun of skeleton:  Armature, id:  0
	processing begun of bone:  Bone, index:  0
	animation begun of bone:  Bone
	processing begun of bone:  Bone.001, index:  1
	animation begun of bone:  Bone.001
	processing begun of bone:  Bone.002, index:  2
	animation begun of bone:  Bone.002
	processing begun of bone:  Bone.003, index:  3
	animation begun of bone:  Bone.003
	processing begun of bone:  Bone.004, index:  4
	animation begun of bone:  Bone.004
	processing complete of skeleton:  Armature
	processing begun of mesh:  CircleMan
		processing begun of multimaterial:  Circle_man.Multimaterial#0
		num positions      :  1608
		num normals        :  1608
		num uvs            :  0
		num uvs2           :  0
		num colors         :  0
		num indices        :  1608
		num skeletonWeights:  6432
		num skeletonIndices:  6432
	processing begun of camera (FreeCamera):  Camera
	processing begun of light (POINT):  Lamp
========= Writing of scene file started =========
========= Writing of scene file completed =========
========= end of processing =========
